[orch] batch/20260505T143630: starting batch planning
[orch] batch/20260505T143630: created orch branch (orchBranch=orch/codeweaver-20260505T143630 baseBranch=main)
[orch] state/20260505T143630: persisted: batch-start (phase=executing waveIndex=-1)
[orch] batch/20260505T143630: Runtime V2 backend selected
[orch] state/20260505T143630: persisted: wave-index-change (phase=executing waveIndex=0)
[orch] wave/W1: starting wave execution (tasks=1 policy=skip-dependents batchId=20260505T143630)
[orch] state/20260505T143630: persisted: segment-start (phase=executing waveIndex=0)
[orch] wave/W1: lanes allocated (laneCount=1 totalTasks=1)
[orch] wave/W1: using Runtime V2 backend (executeLaneV2)
[orch] lane-1/LANE: starting Runtime V2 execution of 1 task(s) (worktree=/home/codeweaver/.pi/agent/.worktrees/codeweaver-20260505T143630/lane-1 agentPrefix=orch-codeweaver)
[orch] monitor/ALL: starting monitoring for 1 lane(s), 1 task(s) (pollIntervalMs=5000 stallTimeoutMin=60)
[orch] lane-1/TP-002: committed task artifacts to lane branch (commit=[task/codeweaver-lane-1-20260505T143630 8db9970] checkpoint: TP-002 task artifacts (.DONE, STATUS.md))
(node:1212906) [DEP0190] DeprecationWarning: Passing args to a child process with shell option true can lead to security vulnerabilities, as the arguments are not escaped, only concatenated.
(Use `node --trace-deprecation ...` to show where the warning was created)
[orch] state/20260505T143630: persisted: task-transition (phase=executing waveIndex=0)
[orch] monitor/ALL: poll #1: 1/1 done, 0 failed, 0 active lane(s)
[orch] monitor/ALL: all lanes terminal — monitoring complete (done=1 failed=0 total=1 polls=1)
[orch] wave/W1: wave execution complete: succeeded (succeeded=1 failed=0 skipped=0 blocked=0 elapsed=0s stoppedEarly=false)
[orch] state/20260505T143630: persisted: wave-execution-complete (phase=executing waveIndex=0)
[orch] state/20260505T143630: persisted: merge-start (phase=merging waveIndex=0)
[orch] merge-health/monitor: merge health monitor started (sessionCount=0 pollIntervalMs=120000)
[orch] merge/W1: merging across 1 repo group(s) (repos=(default) totalLanes=1)
[orch] merge/W1: merging 1 lane(s) (order=fewest-files-first lanes=1 skippedArtifactLanes=undefined)
[orch] merge/W1: merge worktree created (worktree=/home/codeweaver/.pi/agent/.worktrees/codeweaver-20260505T143630/merge tempBranch=_merge-temp-codeweaver-20260505T143630)
[orch] merge/orch-codeweaver-merge-1: starting merge for lane 1 (sourceBranch=task/codeweaver-lane-1-20260505T143630 targetBranch=orch/codeweaver-20260505T143630 baseHEAD=5145337f laneHEAD=8db9970e)
[orch] merge/orch-codeweaver-merge-1: spawning merge agent via Runtime V2 (direct agent-host) (mergeWorkDir=/home/codeweaver/.pi/agent/.worktrees/codeweaver-20260505T143630/merge mergeRequestPath=/home/codeweaver/.pi/agent/.pi/merge-request-w1-lane1-codeweaver-20260505T143630.txt)
[orch] merge/orch-codeweaver-merge-1: waiting for merge result (resultPath=/home/codeweaver/.pi/agent/.pi/merge-result-w1-lane1-codeweaver-20260505T143630.json timeoutMs=5400000 backend=v2)
[orch] merge/orch-codeweaver-merge-1: merge result received (status=SUCCESS elapsed=14008)
[orch] merge/orch-codeweaver-merge-1: merge succeeded (mergeCommit=8db9970e duration=14s)
[orch] merge/W1: transaction record persisted (file=txn-b20260505T143630-repo-default-wave-1-lane-1.json status=committed)
[orch] merge/W1: no task artifacts to stage (0 of 3 candidates present/changed, 2 preserved from lane merge)
[orch] merge/W1: updated orch/codeweaver-20260505T143630 ref to merge result (targetBranch=orch/codeweaver-20260505T143630 commit=8db9970e)
[orch] merge/orch-codeweaver-merge-1: merge agent exited (V2) (exitCode=143 durationMs=14028 costUsd=0.035898 killed=true)
[orch] merge/W1: wave merge complete: succeeded (mergedLanes=1 failedLane=0 duration=15s)
[orch] merge-health/monitor: merge health monitor stopped (sessionCount=0)
[orch] state/20260505T143630: persisted: merge-complete (phase=merging waveIndex=0)
[orch] state/20260505T143630: persisted: merge-complete (phase=executing waveIndex=0)
[orch] batch/history: saved batch summary (1 entries)
[orch] batch/20260505T143630: cleaned up 1 sidecar file(s)
[orch] batch/20260505T143630: cleaning up worktrees
[orch] batch/20260505T143630: worktree cleanup: 1 removed, 0 preserved (repoId=(default))
[orch] batch/20260505T143630: warning: branch task/codeweaver-lane-1-20260505T143630 not fully merged into orch/codeweaver-20260505T143630 — retained (repoId=(default))
[orch] state/20260505T143630: persisted: batch-terminal (phase=completed waveIndex=0)
[orch] diagnostics/20260505T143630: emitted diagnostic reports (jsonl=/home/codeweaver/.pi/agent/.pi/diagnostics/codeweaver-20260505T143630-events.jsonl report=/home/codeweaver/.pi/agent/.pi/diagnostics/codeweaver-20260505T143630-report.md taskCount=1)
[orch] state/20260505T143630: state file preserved for /orch-integrate (orchBranch=orch/codeweaver-20260505T143630)
